#
# A fatal error has been detected by the Java Runtime Environment:
#
#  SIGSEGV (0xb) at pc=0x00007fff9bcd6751, pid=30149, tid=0x0000000000001703
#
# JRE version: OpenJDK Runtime Environment (8.0_112-b06) (build 1.8.0_112-release-b06)
# Java VM: OpenJDK 64-Bit Server VM (25.112-b06 mixed mode bsd-amd64 compressed oops)
# Problematic frame:
# C  [libsystem_malloc.dylib+0x3751]  tiny_malloc_from_free_list+0x95
#
# Failed to write core dump. Core dumps have been disabled. To enable core dumping, try "ulimit -c unlimited" before starting Java again
#
# If you would like to submit a bug report, please visit:
#   http://bugreport.java.com/bugreport/crash.jsp
# The crash happened outside the Java Virtual Machine in native code.
# See problematic frame for where to report the bug.
#

---------------  T H R E A D  ---------------

Current thread (0x00007fa2cc00c000):  JavaThread "main" [_thread_in_native, id=5891, stack(0x000070000011a000,0x000070000021a000)]

siginfo: si_signo: 11 (SIGSEGV), si_code: 0 (unknown), si_addr: 0x0000000000000000

Registers:
RAX=0x42940004481a0000, RBX=0x0000000000000000, RCX=0x4429400043860000, RDX=0x0000000000000004
RSP=0x0000700000217b90, RBP=0x0000700000217bc0, RSI=0x000000005ba961aa, RDI=0x000000005ba9c1a5
R8 =0x0000000000000008, R9 =0x000000076c78eb40, R10=0x0000000111217708, R11=0x00000001101fd3f3
R12=0x000000010fae8000, R13=0x00007fa2cbf6c8c0, R14=0x0000000000000001, R15=0x000000010faece00
RIP=0x00007fff9bcd6751, EFLAGS=0x0000000000010206, ERR=0x0000000000000000
  TRAPNO=0x000000000000000d

Top of Stack: (sp=0x0000700000217b90)
0x0000700000217b90:   000000010faeba00 0000000000000004
0x0000700000217ba0:   000000010fae8000 000000010faece00
0x0000700000217bb0:   0000000000000001 00007fa2cbf6bb94
0x0000700000217bc0:   0000700000217cb0 00007fff9bcd5705
0x0000700000217bd0:   0000000000000000 0000000000000000
0x0000700000217be0:   0000000000000000 0000000000000000
0x0000700000217bf0:   0000000000000000 0000000000000000
0x0000700000217c00:   00007fa2cbd25bd0 0000000000000006
0x0000700000217c10:   0000000000001400 000000010faeba00
0x0000700000217c20:   0000000000000011 000000012a02bc50
0x0000700000217c30:   00007fa2cc00c000 000000012a02bc50
0x0000700000217c40:   0000000000001002 0000000000000008
0x0000700000217c50:   00007fa2cbd25bd0 00000000cc00c000
0x0000700000217c60:   000000012a02bc50 000000012a02bc50
0x0000700000217c70:   ff80000000001002 000000010000ffff
0x0000700000217c80:   0000700000000004 0000000000000000
0x0000700000217c90:   0000000000000000 000000012a08a1d8
0x0000700000217ca0:   000000010fae8000 0000000000000008
0x0000700000217cb0:   0000700000217ce0 00007fff9bcd55a1
0x0000700000217cc0:   000000010fb18000 0000000000000008
0x0000700000217cd0:   00007fa2cc00c1e0 00007fa2cc00c000
0x0000700000217ce0:   0000700000217d00 00007fff9bcd40cc
0x0000700000217cf0:   000000012d67c430 0000000000000008
0x0000700000217d00:   0000700000217d20 00007fff8e2887de
0x0000700000217d10:   000000012d67c430 0000700000217db8
0x0000700000217d20:   0000700000217d40 000000012d67c447
0x0000700000217d30:   000000012a08a1d8 0000700000217db8
0x0000700000217d40:   0000700000217d98 0000000111217734
0x0000700000217d50:   0000000000000000 0000700000217d58
0x0000700000217d60:   0000000000000000 0000700000217db8
0x0000700000217d70:   000000012a16d150 0000000000000000
0x0000700000217d80:   000000012a08a1d8 0000000000000000 

Instructions: (pc=0x00007fff9bcd6751)
0x00007fff9bcd6731:   48 c1 ea 38 01 fa 48 83 e2 0f 48 39 d1 0f 85 c7
0x00007fff9bcd6741:   00 00 00 48 85 c0 0f 84 ca 00 00 00 49 8b 4d 00
0x00007fff9bcd6751:   48 89 08 e9 d8 00 00 00 48 c7 c0 ff ff ff ff 88
0x00007fff9bcd6761:   d9 48 d3 e0 49 23 87 28 08 00 00 0f 84 98 03 00 

Register to memory mapping:

RAX=0x42940004481a0000 is an unknown value
RBX=0x0000000000000000 is an unknown value
RCX=0x4429400043860000 is an unknown value
RDX=0x0000000000000004 is an unknown value
RSP=0x0000700000217b90 is pointing into the stack for thread: 0x00007fa2cc00c000
RBP=0x0000700000217bc0 is pointing into the stack for thread: 0x00007fa2cc00c000
RSI=0x000000005ba961aa is an unknown value
RDI=0x000000005ba9c1a5 is an unknown value
R8 =0x0000000000000008 is an unknown value
R9 =0x000000076c78eb40 is an oop
org.bytedeco.javacpp.opencv_core$Point2f 
 - klass: 'org/bytedeco/javacpp/opencv_core$Point2f'
R10=0x0000000111217708 is at code_begin+808 in an Interpreter codelet
method entry point (kind = native)  [0x00000001112173e0, 0x0000000111217ce0]  2304 bytes
R11=0x00000001101fd3f3: throw_unsatisfied_link_error+0 in /Applications/Android Studio.app/Contents/jre/jdk/Contents/Home/jre/lib/server/libjvm.dylib at 0x000000010fd49000
R12=0x000000010fae8000 is an unknown value
R13=0x00007fa2cbf6c8c0 is an unknown value
R14=0x0000000000000001 is an unknown value
R15=0x000000010faece00 is an unknown value


Stack: [0x000070000011a000,0x000070000021a000],  sp=0x0000700000217b90,  free space=1014k
Native frames: (J=compiled Java code, j=interpreted, Vv=VM code, C=native code)
C  [libsystem_malloc.dylib+0x3751]  tiny_malloc_from_free_list+0x95
C  [libsystem_malloc.dylib+0x2705]  szone_malloc_should_clear+0x124
C  [libsystem_malloc.dylib+0x25a1]  malloc_zone_malloc+0x47
C  [libsystem_malloc.dylib+0x10cc]  malloc+0x2a
C  [libc++.1.dylib+0x3c7de]